


********************************************************************
Processing file \epoc32\release\ARM4\udeb\_lubbock_ekern.exe
Capability:	00000001 00000001

Processing file \epoc32\release\ARM4\udeb\_lubbock_kacotulla.dll
Capability:	00000000 00000006

Processing file \epoc32\release\ARM4\udeb\_lubbock_ecust.dll
Capability:	00000000 00000000

Processing file \epoc32\release\ARM4\udeb\_lubbock_monitor.dll
Capability:	00000000 0f80ffff

Processing file \epoc32\release\ARM4\udeb\_lubbock_power.dll
Capability:	00000000 0f80ffff

Processing file \epoc32\release\ARM4\udeb\_lubbock_dma.dll
Capability:	00000000 0f80ffff

Processing file \epoc32\release\ARM4\udeb\_lubbock_lcd.dll
Capability:	00000000 0f80ffff

Processing file \epoc32\release\ARM4\udeb\elocd.ldd
Capability:	00000000 0003ffff

Processing file \epoc32\release\ARM4\udeb\_lubbock_epbus.dll
Capability:	00000000 0001ffff

Processing file \epoc32\release\ARM4\udeb\elocal.fsy
Capability:	00000000 0f80ffff

Processing file \epoc32\release\ARM4\udeb\efile.exe
Capability:	00000000 0f80ffff

Processing file \epoc32\release\ARM4\udeb\efsrv.dll
Capability:	00000000 0f80ffff

Processing file \epoc32\release\ARM4\udeb\elffs.fsy
Capability:	00000000 0f80ffff

Processing file \epoc32\release\ARM4\udeb\esocksvr.dll
Capability:	00000000 0f80fffe

Processing file \epoc32\release\ARM4\urel\irda.prt
Capability:	00000000 0f80fffe

Processing file \epoc32\release\ARM4\urel\bt.prt
Capability:	00000000 0f80fffe

Processing file \epoc32\release\ARM4\udeb\tcpip6.prt
Capability:	00000000 0f80fffe

Processing file \epoc32\release\ARM4\udeb\SmsProt.prt
Capability:	00000000 0f80fffe

Processing file \epoc32\release\ARM4\udeb\WapProt.prt
Capability:	00000000 0f80fffe

Processing file \epoc32\release\ARM4\urel\apserv.dll
Capability:	00000000 0f80fffe

Processing file \epoc32\release\ARM4\urel\WEBURLREC.MDL
Capability:	00000000 0f80fffe

Processing file \epoc32\release\ARM4\urel\EBOOKMARKREC.MDL
Capability:	00000000 0f80fffe

Processing file \epoc32\release\ARM4\urel\RECWAP.MDL
Capability:	00000000 0f80fffe

Processing file \epoc32\release\ARM4\urel\cntmodel.dll
Capability:	00000000 0f80fffe

Processing file \epoc32\release\ARM4\urel\cntvcard.dll
Capability:	00000000 0f80fffe

Processing file \epoc32\release\ARM4\urel\cntview.dll
Capability:	00000000 0f80fffe

Processing file \epoc32\release\ARM4\urel\cntphone.dll
Capability:	00000000 0f80fffe

Processing file \epoc32\release\ARM4\urel\phbksyncplugin.dll
Capability:	00000000 0f80fffe

Processing file \epoc32\release\ARM4\udeb\etel.dll
Capability:	00000000 0f80fffe

Processing file \epoc32\release\ARM4\udeb\MM.TSY
Capability:	00000000 0f80fffe

Processing file \epoc32\release\ARM4\urel\med.dll
Capability:	00000000 07000140

Processing file \epoc32\release\ARM4\urel\EmailEditor.dll
Capability:	00000000 07000140

Processing file \epoc32\release\ARM4\urel\SmsEditor.dll
Capability:	00000000 00000000

Processing file \epoc32\release\ARM4\urel\MmsEditor.dll
Capability:	00000000 0f80fffe

Processing file \epoc32\release\ARM4\urel\BioViewer.dll
Capability:	00000000 0f80fffe

Processing file \epoc32\release\ARM4\urel\MsgEditor.app
Capability:	00000000 07000040


= 36 binaries
